\BOOKMARK [1][-]{section.1}{Project background}{}% 1
\BOOKMARK [2][-]{subsection.1.1}{Dataset introduction}{section.1}% 2
\BOOKMARK [2][-]{subsection.1.2}{Additional requirements}{section.1}% 3
\BOOKMARK [2][-]{subsection.1.3}{Approaches}{section.1}% 4
\BOOKMARK [1][-]{section.2}{Analyze Ad Image features}{}% 5
\BOOKMARK [2][-]{subsection.2.1}{Features selection}{section.2}% 6
\BOOKMARK [2][-]{subsection.2.2}{Image analysis tool}{section.2}% 7
\BOOKMARK [2][-]{subsection.2.3}{Source code and output files}{section.2}% 8
\BOOKMARK [2][-]{subsection.2.4}{Notes and work in the next step}{section.2}% 9
\BOOKMARK [1][-]{section.3}{Classification of Titles}{}% 10
\BOOKMARK [2][-]{subsection.3.1}{Manual classification}{section.3}% 11
\BOOKMARK [2][-]{subsection.3.2}{Automatic classification}{section.3}% 12
\BOOKMARK [1][-]{section.4}{Processing User Data}{}% 13
\BOOKMARK [2][-]{subsection.4.1}{Sort User Data by user ID}{section.4}% 14
\BOOKMARK [2][-]{subsection.4.2}{Generate Hash Value of Gender and Age}{section.4}% 15
\BOOKMARK [2][-]{subsection.4.3}{Source code and Output}{section.4}% 16
\BOOKMARK [1][-]{section.5}{Splitting Training Data and Calculate CTR}{}% 17
\BOOKMARK [2][-]{subsection.5.1}{Splitting Training Data by Gender and Age}{section.5}% 18
\BOOKMARK [2][-]{subsection.5.2}{Calculate the CTR}{section.5}% 19
\BOOKMARK [1][-]{section.6}{Build the Model and Make Prediction}{}% 20
\BOOKMARK [2][-]{subsection.6.1}{Build the Model}{section.6}% 21
\BOOKMARK [2][-]{subsection.6.2}{Validate Model and Make Prediction}{section.6}% 22
\BOOKMARK [1][-]{section.7}{Software Used}{}% 23
\BOOKMARK [1][-]{section.8}{References}{}% 24
